{
  "Unit Tests": {
    "coverage": {
      "/Users/drio/dev/next-gen-deck/backend/rb/lib/toredis.rb": [
        7,
        null,
        null,
        null,
        null,
        null,
        null,
        null,
        null,
        null,
        null,
        null,
        1,
        1,
        null,
        1,
        8,
        10,
        11,
        8,
        null,
        null,
        null,
        1,
        8,
        null,
        4,
        4,
        null,
        4,
        2,
        null,
        null,
        3,
        null,
        1,
        null,
        null,
        null,
        1,
        3,
        null,
        null,
        null,
        1,
        3,
        33,
        24,
        24,
        24,
        78,
        54,
        null,
        24,
        null,
        null,
        null,
        null,
        null,
        null,
        null,
        null,
        null,
        1,
        25,
        25,
        25,
        25,
        25,
        25,
        null,
        null,
        null,
        null,
        null,
        null,
        null,
        null,
        null,
        null,
        null,
        null,
        null,
        null,
        null,
        null,
        null,
        null,
        null,
        null,
        null,
        null,
        null,
        null,
        null,
        null,
        null,
        null,
        null,
        null,
        null,
        null,
        null,
        null,
        null,
        null,
        null,
        null,
        null,
        null,
        null,
        null,
        null,
        null,
        null,
        null,
        null,
        null,
        null,
        null,
        null,
        null,
        null,
        null,
        null,
        null,
        null,
        null,
        null,
        null,
        null,
        null,
        null,
        null,
        null,
        null,
        null,
        null,
        null,
        null,
        null,
        null,
        null,
        null,
        null,
        null,
        null,
        null,
        null
      ],
      "/Users/drio/dev/next-gen-deck/backend/rb/test/fakecsvs.rb": [
        1,
        null,
        null,
        null,
        1,
        1,
        1,
        null,
        1,
        8,
        8,
        null,
        8,
        16,
        16,
        null,
        16,
        64,
        64,
        64,
        null,
        null,
        null,
        null,
        null,
        1,
        64,
        null,
        null,
        1,
        64,
        64,
        null,
        16,
        null,
        16,
        null,
        16,
        null,
        16,
        null,
        0,
        null,
        64,
        null,
        null,
        null
      ],
      "/Users/drio/dev/next-gen-deck/backend/rb/test/monkey_patch.rb": [
        null,
        null,
        1,
        null,
        1,
        null,
        1,
        1,
        8,
        8,
        8,
        8,
        8,
        null,
        0,
        0,
        null,
        null,
        null,
        null,
        null
      ],
      "/Users/drio/dev/next-gen-deck/backend/rb/test/mock_redis.rb": [
        1,
        null,
        1,
        1,
        0,
        null,
        null,
        1,
        0,
        null,
        null,
        1,
        0,
        null,
        null
      ]
    },
    "timestamp": 1337814668
  },
  "RSpec": {
    "coverage": {
      "/Users/drio/dev/next-gen-deck/backend/rb/lib/toredis.rb": [
        7,
        null,
        null,
        null,
        null,
        null,
        null,
        null,
        null,
        null,
        null,
        null,
        1,
        1,
        0,
        null,
        null,
        1,
        0,
        0,
        0,
        0,
        0,
        0,
        0,
        null,
        0,
        null,
        null,
        null,
        null,
        null,
        null,
        null,
        null,
        null,
        1,
        0,
        0,
        0,
        0,
        0,
        0,
        null,
        null,
        null,
        null,
        null,
        null,
        null,
        null,
        null,
        null,
        null,
        null,
        null,
        null,
        null,
        null,
        null,
        null,
        null,
        null,
        null,
        null,
        null,
        null,
        null,
        null,
        null,
        null,
        null,
        null,
        null,
        null,
        null,
        null,
        null,
        null,
        null,
        null,
        null,
        null,
        null,
        null,
        null,
        null,
        null,
        null,
        null,
        null,
        null,
        null,
        null,
        null,
        null,
        null,
        null,
        null,
        null,
        null,
        null,
        null,
        null,
        null,
        null,
        null,
        null,
        null,
        null,
        null,
        null,
        null,
        null,
        null,
        null,
        null,
        null,
        null,
        null,
        null,
        null
      ]
    },
    "timestamp": 1337784146
  }
}
